<?xml version="1.0" encoding="UTF-8"?>
<robot generator="Robot 3.0.4 (Python 3.7.0 on win32)" generated="20180923 21:47:09.738">
<suite id="s1" name="Robot Demo Project" source="C:\Users\unimaos\RED_0.8.7\workspace\Robot_Demo_Project">
<suite id="s1-s1" name="Login Tests" source="C:\Users\unimaos\RED_0.8.7\workspace\Robot_Demo_Project\login_tests">
<suite id="s1-s1-s1" name="Not Using Resources" source="C:\Users\unimaos\RED_0.8.7\workspace\Robot_Demo_Project\login_tests\not_using_resources">
<suite id="s1-s1-s1-s1" name="Valid Login" source="C:\Users\unimaos\RED_0.8.7\workspace\Robot_Demo_Project\login_tests\not_using_resources\valid_login.robot">
<test id="s1-s1-s1-s1-t1" name="Valid Login">
<kw name="Open Browser To Login Page">
<kw name="Open Browser" library="Selenium2Library">
<doc>Opens a new browser instance to the given ``url``.</doc>
<arguments>
<arg>${LOGIN URL}</arg>
<arg>${BROWSER}</arg>
</arguments>
<msg timestamp="20180923 21:47:11.246" level="INFO">Opening browser 'Chrome' to base url 'http://localhost:7272'.</msg>
<status status="PASS" starttime="20180923 21:47:11.246" endtime="20180923 21:47:16.462"></status>
</kw>
<kw name="Maximize Browser Window" library="Selenium2Library">
<doc>Maximizes current browser window.</doc>
<status status="PASS" starttime="20180923 21:47:16.462" endtime="20180923 21:47:17.766"></status>
</kw>
<kw name="Title Should Be" library="Selenium2Library">
<doc>Verifies that current page title equals ``title``.</doc>
<arguments>
<arg>Login Page</arg>
</arguments>
<msg timestamp="20180923 21:47:17.814" level="INFO">Page title is 'Login Page'.</msg>
<status status="PASS" starttime="20180923 21:47:17.766" endtime="20180923 21:47:17.814"></status>
</kw>
<status status="PASS" starttime="20180923 21:47:11.242" endtime="20180923 21:47:17.818"></status>
</kw>
<kw name="Input Username">
<arguments>
<arg>demo</arg>
</arguments>
<kw name="Input Text" library="Selenium2Library">
<doc>Types the given ``text`` into text field identified by ``locator``.</doc>
<arguments>
<arg>username_field</arg>
<arg>${username}</arg>
</arguments>
<msg timestamp="20180923 21:47:17.826" level="INFO">Typing text 'demo' into text field 'username_field'.</msg>
<status status="PASS" starttime="20180923 21:47:17.822" endtime="20180923 21:47:18.178"></status>
</kw>
<status status="PASS" starttime="20180923 21:47:17.818" endtime="20180923 21:47:18.178"></status>
</kw>
<kw name="Input Password">
<arguments>
<arg>mode</arg>
</arguments>
<kw name="Input Text" library="Selenium2Library">
<doc>Types the given ``text`` into text field identified by ``locator``.</doc>
<arguments>
<arg>password_field</arg>
<arg>${password}</arg>
</arguments>
<msg timestamp="20180923 21:47:18.182" level="INFO">Typing text 'mode' into text field 'password_field'.</msg>
<status status="PASS" starttime="20180923 21:47:18.182" endtime="20180923 21:47:18.434"></status>
</kw>
<status status="PASS" starttime="20180923 21:47:18.178" endtime="20180923 21:47:18.434"></status>
</kw>
<kw name="Submit Credentials">
<kw name="Click Button" library="Selenium2Library">
<doc>Clicks button identified by ``locator``.</doc>
<arguments>
<arg>login_button</arg>
</arguments>
<msg timestamp="20180923 21:47:18.438" level="INFO">Clicking button 'login_button'.</msg>
<status status="PASS" starttime="20180923 21:47:18.438" endtime="20180923 21:47:19.022"></status>
</kw>
<status status="PASS" starttime="20180923 21:47:18.438" endtime="20180923 21:47:19.022"></status>
</kw>
<kw name="Welcome Page Should Be Open">
<kw name="Title Should Be" library="Selenium2Library">
<doc>Verifies that current page title equals ``title``.</doc>
<arguments>
<arg>Welcome Page</arg>
</arguments>
<msg timestamp="20180923 21:47:19.054" level="INFO">Page title is 'Welcome Page'.</msg>
<status status="PASS" starttime="20180923 21:47:19.026" endtime="20180923 21:47:19.054"></status>
</kw>
<status status="PASS" starttime="20180923 21:47:19.022" endtime="20180923 21:47:19.054"></status>
</kw>
<kw name="Close Browser" library="Selenium2Library" type="teardown">
<doc>Closes the current browser.</doc>
<status status="PASS" starttime="20180923 21:47:19.054" endtime="20180923 21:47:21.966"></status>
</kw>
<status status="PASS" starttime="20180923 21:47:11.242" endtime="20180923 21:47:21.966" critical="yes"></status>
</test>
<doc>Robot Demo using Selenium2Library.</doc>
<status status="PASS" starttime="20180923 21:47:09.994" endtime="20180923 21:47:21.969"></status>
</suite>
<status status="PASS" starttime="20180923 21:47:09.986" endtime="20180923 21:47:21.971"></status>
</suite>
<suite id="s1-s1-s2" name="Using Resources" source="C:\Users\unimaos\RED_0.8.7\workspace\Robot_Demo_Project\login_tests\using_resources">
<suite id="s1-s1-s2-s1" name="Gherkin Login" source="C:\Users\unimaos\RED_0.8.7\workspace\Robot_Demo_Project\login_tests\using_resources\gherkin_login.robot">
<test id="s1-s1-s2-s1-t1" name="Valid Login">
<kw name="Given browser is opened to login page">
<kw name="Open Browser To Login Page" library="resource">
<kw name="Open Browser" library="Selenium2Library">
<doc>Opens a new browser instance to the given ``url``.</doc>
<arguments>
<arg>${LOGIN URL}</arg>
<arg>${BROWSER}</arg>
</arguments>
<msg timestamp="20180923 21:47:22.015" level="INFO">Opening browser 'Chrome' to base url 'http://localhost:7272/'.</msg>
<status status="PASS" starttime="20180923 21:47:22.015" endtime="20180923 21:47:27.839"></status>
</kw>
<kw name="Maximize Browser Window" library="Selenium2Library">
<doc>Maximizes current browser window.</doc>
<status status="PASS" starttime="20180923 21:47:27.843" endtime="20180923 21:47:29.075"></status>
</kw>
<kw name="Set Selenium Speed" library="Selenium2Library">
<doc>Sets the delay that is waited after each Selenium command.</doc>
<arguments>
<arg>${DELAY}</arg>
</arguments>
<status status="PASS" starttime="20180923 21:47:29.079" endtime="20180923 21:47:29.079"></status>
</kw>
<kw name="Login Page Should Be Open" library="resource">
<kw name="Title Should Be" library="Selenium2Library">
<doc>Verifies that current page title equals ``title``.</doc>
<arguments>
<arg>Login Page</arg>
</arguments>
<msg timestamp="20180923 21:47:29.119" level="INFO">Page title is 'Login Page'.</msg>
<status status="PASS" starttime="20180923 21:47:29.087" endtime="20180923 21:47:29.123"></status>
</kw>
<status status="PASS" starttime="20180923 21:47:29.083" endtime="20180923 21:47:29.123"></status>
</kw>
<status status="PASS" starttime="20180923 21:47:22.015" endtime="20180923 21:47:29.123"></status>
</kw>
<status status="PASS" starttime="20180923 21:47:22.011" endtime="20180923 21:47:29.123"></status>
</kw>
<kw name="When user &quot;demo&quot; logs in with password &quot;mode&quot;">
<kw name="Input Username" library="resource">
<arguments>
<arg>${username}</arg>
</arguments>
<kw name="Input Text" library="Selenium2Library">
<doc>Types the given ``text`` into text field identified by ``locator``.</doc>
<arguments>
<arg>username_field</arg>
<arg>${username}</arg>
</arguments>
<msg timestamp="20180923 21:47:29.127" level="INFO">Typing text 'demo' into text field 'username_field'.</msg>
<status status="PASS" starttime="20180923 21:47:29.127" endtime="20180923 21:47:29.411"></status>
</kw>
<status status="PASS" starttime="20180923 21:47:29.127" endtime="20180923 21:47:29.415"></status>
</kw>
<kw name="Input Password" library="resource">
<arguments>
<arg>${password}</arg>
</arguments>
<kw name="Input Text" library="Selenium2Library">
<doc>Types the given ``text`` into text field identified by ``locator``.</doc>
<arguments>
<arg>password_field</arg>
<arg>${password}</arg>
</arguments>
<msg timestamp="20180923 21:47:29.419" level="INFO">Typing text 'mode' into text field 'password_field'.</msg>
<status status="PASS" starttime="20180923 21:47:29.415" endtime="20180923 21:47:29.627"></status>
</kw>
<status status="PASS" starttime="20180923 21:47:29.415" endtime="20180923 21:47:29.631"></status>
</kw>
<kw name="Submit Credentials" library="resource">
<kw name="Click Button" library="Selenium2Library">
<doc>Clicks button identified by ``locator``.</doc>
<arguments>
<arg>login_button</arg>
</arguments>
<msg timestamp="20180923 21:47:29.635" level="INFO">Clicking button 'login_button'.</msg>
<status status="PASS" starttime="20180923 21:47:29.635" endtime="20180923 21:47:30.155"></status>
</kw>
<status status="PASS" starttime="20180923 21:47:29.631" endtime="20180923 21:47:30.159"></status>
</kw>
<status status="PASS" starttime="20180923 21:47:29.123" endtime="20180923 21:47:30.159"></status>
</kw>
<kw name="Then welcome page should be open" library="resource">
<kw name="Location Should Be" library="Selenium2Library">
<doc>Verifies that current URL is exactly ``url`.</doc>
<arguments>
<arg>${WELCOME URL}</arg>
</arguments>
<msg timestamp="20180923 21:47:30.183" level="INFO">Current location is 'http://localhost:7272/welcome.html'.</msg>
<status status="PASS" starttime="20180923 21:47:30.163" endtime="20180923 21:47:30.187"></status>
</kw>
<kw name="Title Should Be" library="Selenium2Library">
<doc>Verifies that current page title equals ``title``.</doc>
<arguments>
<arg>Welcome Page</arg>
</arguments>
<msg timestamp="20180923 21:47:30.203" level="INFO">Page title is 'Welcome Page'.</msg>
<status status="PASS" starttime="20180923 21:47:30.187" endtime="20180923 21:47:30.203"></status>
</kw>
<status status="PASS" starttime="20180923 21:47:30.159" endtime="20180923 21:47:30.203"></status>
</kw>
<kw name="Close Browser" library="Selenium2Library" type="teardown">
<doc>Closes the current browser.</doc>
<status status="PASS" starttime="20180923 21:47:30.207" endtime="20180923 21:47:32.859"></status>
</kw>
<status status="PASS" starttime="20180923 21:47:22.011" endtime="20180923 21:47:32.859" critical="yes"></status>
</test>
<doc>A test suite with a single Gherkin style test.

This test is functionally identical to the example in
valid_login.robot file.</doc>
<status status="PASS" starttime="20180923 21:47:21.983" endtime="20180923 21:47:32.863"></status>
</suite>
<suite id="s1-s1-s2-s2" name="Invalid Login" source="C:\Users\unimaos\RED_0.8.7\workspace\Robot_Demo_Project\login_tests\using_resources\invalid_login.robot">
<kw name="Open Browser To Login Page" library="resource" type="setup">
<kw name="Open Browser" library="Selenium2Library">
<doc>Opens a new browser instance to the given ``url``.</doc>
<arguments>
<arg>${LOGIN URL}</arg>
<arg>${BROWSER}</arg>
</arguments>
<msg timestamp="20180923 21:47:32.893" level="INFO">Opening browser 'Chrome' to base url 'http://localhost:7272/'.</msg>
<status status="PASS" starttime="20180923 21:47:32.893" endtime="20180923 21:47:37.277"></status>
</kw>
<kw name="Maximize Browser Window" library="Selenium2Library">
<doc>Maximizes current browser window.</doc>
<status status="PASS" starttime="20180923 21:47:37.277" endtime="20180923 21:47:38.433"></status>
</kw>
<kw name="Set Selenium Speed" library="Selenium2Library">
<doc>Sets the delay that is waited after each Selenium command.</doc>
<arguments>
<arg>${DELAY}</arg>
</arguments>
<status status="PASS" starttime="20180923 21:47:38.437" endtime="20180923 21:47:38.437"></status>
</kw>
<kw name="Login Page Should Be Open" library="resource">
<kw name="Title Should Be" library="Selenium2Library">
<doc>Verifies that current page title equals ``title``.</doc>
<arguments>
<arg>Login Page</arg>
</arguments>
<msg timestamp="20180923 21:47:38.469" level="INFO">Page title is 'Login Page'.</msg>
<status status="PASS" starttime="20180923 21:47:38.441" endtime="20180923 21:47:38.469"></status>
</kw>
<status status="PASS" starttime="20180923 21:47:38.441" endtime="20180923 21:47:38.469"></status>
</kw>
<status status="PASS" starttime="20180923 21:47:32.889" endtime="20180923 21:47:38.473"></status>
</kw>
<test id="s1-s1-s2-s2-t1" name="Invalid Username">
<kw name="Go To Login Page" library="resource" type="setup">
<kw name="Go To" library="Selenium2Library">
<doc>Navigates the active browser instance to the provided ``url``.</doc>
<arguments>
<arg>${LOGIN URL}</arg>
</arguments>
<msg timestamp="20180923 21:47:38.480" level="INFO">Opening url 'http://localhost:7272/'</msg>
<status status="PASS" starttime="20180923 21:47:38.478" endtime="20180923 21:47:38.617"></status>
</kw>
<kw name="Login Page Should Be Open" library="resource">
<kw name="Title Should Be" library="Selenium2Library">
<doc>Verifies that current page title equals ``title``.</doc>
<arguments>
<arg>Login Page</arg>
</arguments>
<msg timestamp="20180923 21:47:38.637" level="INFO">Page title is 'Login Page'.</msg>
<status status="PASS" starttime="20180923 21:47:38.617" endtime="20180923 21:47:38.637"></status>
</kw>
<status status="PASS" starttime="20180923 21:47:38.617" endtime="20180923 21:47:38.637"></status>
</kw>
<status status="PASS" starttime="20180923 21:47:38.477" endtime="20180923 21:47:38.637"></status>
</kw>
<kw name="Login With Invalid Credentials Should Fail">
<arguments>
<arg>invalid</arg>
<arg>${VALID PASSWORD}</arg>
</arguments>
<kw name="Input Username" library="resource">
<arguments>
<arg>${username}</arg>
</arguments>
<kw name="Input Text" library="Selenium2Library">
<doc>Types the given ``text`` into text field identified by ``locator``.</doc>
<arguments>
<arg>username_field</arg>
<arg>${username}</arg>
</arguments>
<msg timestamp="20180923 21:47:38.645" level="INFO">Typing text 'invalid' into text field 'username_field'.</msg>
<status status="PASS" starttime="20180923 21:47:38.641" endtime="20180923 21:47:39.029"></status>
</kw>
<status status="PASS" starttime="20180923 21:47:38.641" endtime="20180923 21:47:39.029"></status>
</kw>
<kw name="Input Password" library="resource">
<arguments>
<arg>${password}</arg>
</arguments>
<kw name="Input Text" library="Selenium2Library">
<doc>Types the given ``text`` into text field identified by ``locator``.</doc>
<arguments>
<arg>password_field</arg>
<arg>${password}</arg>
</arguments>
<msg timestamp="20180923 21:47:39.037" level="INFO">Typing text 'mode' into text field 'password_field'.</msg>
<status status="PASS" starttime="20180923 21:47:39.033" endtime="20180923 21:47:39.293"></status>
</kw>
<status status="PASS" starttime="20180923 21:47:39.033" endtime="20180923 21:47:39.293"></status>
</kw>
<kw name="Submit Credentials" library="resource">
<kw name="Click Button" library="Selenium2Library">
<doc>Clicks button identified by ``locator``.</doc>
<arguments>
<arg>login_button</arg>
</arguments>
<msg timestamp="20180923 21:47:39.301" level="INFO">Clicking button 'login_button'.</msg>
<status status="PASS" starttime="20180923 21:47:39.297" endtime="20180923 21:47:39.921"></status>
</kw>
<status status="PASS" starttime="20180923 21:47:39.293" endtime="20180923 21:47:39.921"></status>
</kw>
<kw name="Login Should Have Failed">
<kw name="Location Should Be" library="Selenium2Library">
<doc>Verifies that current URL is exactly ``url`.</doc>
<arguments>
<arg>${ERROR URL}</arg>
</arguments>
<msg timestamp="20180923 21:47:39.953" level="INFO">Current location is 'http://localhost:7272/error.html'.</msg>
<status status="PASS" starttime="20180923 21:47:39.925" endtime="20180923 21:47:39.953"></status>
</kw>
<kw name="Title Should Be" library="Selenium2Library">
<doc>Verifies that current page title equals ``title``.</doc>
<arguments>
<arg>Error Page</arg>
</arguments>
<msg timestamp="20180923 21:47:39.969" level="INFO">Page title is 'Error Page'.</msg>
<status status="PASS" starttime="20180923 21:47:39.953" endtime="20180923 21:47:39.969"></status>
</kw>
<status status="PASS" starttime="20180923 21:47:39.925" endtime="20180923 21:47:39.973"></status>
</kw>
<status status="PASS" starttime="20180923 21:47:38.637" endtime="20180923 21:47:39.973"></status>
</kw>
<status status="PASS" starttime="20180923 21:47:38.473" endtime="20180923 21:47:39.973" critical="yes"></status>
</test>
<test id="s1-s1-s2-s2-t2" name="Invalid Password">
<kw name="Go To Login Page" library="resource" type="setup">
<kw name="Go To" library="Selenium2Library">
<doc>Navigates the active browser instance to the provided ``url``.</doc>
<arguments>
<arg>${LOGIN URL}</arg>
</arguments>
<msg timestamp="20180923 21:47:39.981" level="INFO">Opening url 'http://localhost:7272/'</msg>
<status status="PASS" starttime="20180923 21:47:39.981" endtime="20180923 21:47:40.093"></status>
</kw>
<kw name="Login Page Should Be Open" library="resource">
<kw name="Title Should Be" library="Selenium2Library">
<doc>Verifies that current page title equals ``title``.</doc>
<arguments>
<arg>Login Page</arg>
</arguments>
<msg timestamp="20180923 21:47:40.117" level="INFO">Page title is 'Login Page'.</msg>
<status status="PASS" starttime="20180923 21:47:40.093" endtime="20180923 21:47:40.117"></status>
</kw>
<status status="PASS" starttime="20180923 21:47:40.093" endtime="20180923 21:47:40.117"></status>
</kw>
<status status="PASS" starttime="20180923 21:47:39.981" endtime="20180923 21:47:40.121"></status>
</kw>
<kw name="Login With Invalid Credentials Should Fail">
<arguments>
<arg>${VALID USER}</arg>
<arg>invalid</arg>
</arguments>
<kw name="Input Username" library="resource">
<arguments>
<arg>${username}</arg>
</arguments>
<kw name="Input Text" library="Selenium2Library">
<doc>Types the given ``text`` into text field identified by ``locator``.</doc>
<arguments>
<arg>username_field</arg>
<arg>${username}</arg>
</arguments>
<msg timestamp="20180923 21:47:40.125" level="INFO">Typing text 'demo' into text field 'username_field'.</msg>
<status status="PASS" starttime="20180923 21:47:40.125" endtime="20180923 21:47:40.421"></status>
</kw>
<status status="PASS" starttime="20180923 21:47:40.121" endtime="20180923 21:47:40.421"></status>
</kw>
<kw name="Input Password" library="resource">
<arguments>
<arg>${password}</arg>
</arguments>
<kw name="Input Text" library="Selenium2Library">
<doc>Types the given ``text`` into text field identified by ``locator``.</doc>
<arguments>
<arg>password_field</arg>
<arg>${password}</arg>
</arguments>
<msg timestamp="20180923 21:47:40.425" level="INFO">Typing text 'invalid' into text field 'password_field'.</msg>
<status status="PASS" starttime="20180923 21:47:40.425" endtime="20180923 21:47:40.813"></status>
</kw>
<status status="PASS" starttime="20180923 21:47:40.421" endtime="20180923 21:47:40.813"></status>
</kw>
<kw name="Submit Credentials" library="resource">
<kw name="Click Button" library="Selenium2Library">
<doc>Clicks button identified by ``locator``.</doc>
<arguments>
<arg>login_button</arg>
</arguments>
<msg timestamp="20180923 21:47:40.821" level="INFO">Clicking button 'login_button'.</msg>
<status status="PASS" starttime="20180923 21:47:40.817" endtime="20180923 21:47:41.065"></status>
</kw>
<status status="PASS" starttime="20180923 21:47:40.817" endtime="20180923 21:47:41.065"></status>
</kw>
<kw name="Login Should Have Failed">
<kw name="Location Should Be" library="Selenium2Library">
<doc>Verifies that current URL is exactly ``url`.</doc>
<arguments>
<arg>${ERROR URL}</arg>
</arguments>
<msg timestamp="20180923 21:47:41.101" level="INFO">Current location is 'http://localhost:7272/error.html'.</msg>
<status status="PASS" starttime="20180923 21:47:41.069" endtime="20180923 21:47:41.101"></status>
</kw>
<kw name="Title Should Be" library="Selenium2Library">
<doc>Verifies that current page title equals ``title``.</doc>
<arguments>
<arg>Error Page</arg>
</arguments>
<msg timestamp="20180923 21:47:41.117" level="INFO">Page title is 'Error Page'.</msg>
<status status="PASS" starttime="20180923 21:47:41.105" endtime="20180923 21:47:41.117"></status>
</kw>
<status status="PASS" starttime="20180923 21:47:41.069" endtime="20180923 21:47:41.121"></status>
</kw>
<status status="PASS" starttime="20180923 21:47:40.121" endtime="20180923 21:47:41.121"></status>
</kw>
<status status="PASS" starttime="20180923 21:47:39.977" endtime="20180923 21:47:41.121" critical="yes"></status>
</test>
<test id="s1-s1-s2-s2-t3" name="Invalid Username And Password">
<kw name="Go To Login Page" library="resource" type="setup">
<kw name="Go To" library="Selenium2Library">
<doc>Navigates the active browser instance to the provided ``url``.</doc>
<arguments>
<arg>${LOGIN URL}</arg>
</arguments>
<msg timestamp="20180923 21:47:41.131" level="INFO">Opening url 'http://localhost:7272/'</msg>
<status status="PASS" starttime="20180923 21:47:41.129" endtime="20180923 21:47:41.228"></status>
</kw>
<kw name="Login Page Should Be Open" library="resource">
<kw name="Title Should Be" library="Selenium2Library">
<doc>Verifies that current page title equals ``title``.</doc>
<arguments>
<arg>Login Page</arg>
</arguments>
<msg timestamp="20180923 21:47:41.248" level="INFO">Page title is 'Login Page'.</msg>
<status status="PASS" starttime="20180923 21:47:41.232" endtime="20180923 21:47:41.248"></status>
</kw>
<status status="PASS" starttime="20180923 21:47:41.232" endtime="20180923 21:47:41.248"></status>
</kw>
<status status="PASS" starttime="20180923 21:47:41.125" endtime="20180923 21:47:41.248"></status>
</kw>
<kw name="Login With Invalid Credentials Should Fail">
<arguments>
<arg>invalid</arg>
<arg>whatever</arg>
</arguments>
<kw name="Input Username" library="resource">
<arguments>
<arg>${username}</arg>
</arguments>
<kw name="Input Text" library="Selenium2Library">
<doc>Types the given ``text`` into text field identified by ``locator``.</doc>
<arguments>
<arg>username_field</arg>
<arg>${username}</arg>
</arguments>
<msg timestamp="20180923 21:47:41.256" level="INFO">Typing text 'invalid' into text field 'username_field'.</msg>
<status status="PASS" starttime="20180923 21:47:41.256" endtime="20180923 21:47:41.576"></status>
</kw>
<status status="PASS" starttime="20180923 21:47:41.252" endtime="20180923 21:47:41.580"></status>
</kw>
<kw name="Input Password" library="resource">
<arguments>
<arg>${password}</arg>
</arguments>
<kw name="Input Text" library="Selenium2Library">
<doc>Types the given ``text`` into text field identified by ``locator``.</doc>
<arguments>
<arg>password_field</arg>
<arg>${password}</arg>
</arguments>
<msg timestamp="20180923 21:47:41.584" level="INFO">Typing text 'whatever' into text field 'password_field'.</msg>
<status status="PASS" starttime="20180923 21:47:41.584" endtime="20180923 21:47:41.964"></status>
</kw>
<status status="PASS" starttime="20180923 21:47:41.580" endtime="20180923 21:47:41.968"></status>
</kw>
<kw name="Submit Credentials" library="resource">
<kw name="Click Button" library="Selenium2Library">
<doc>Clicks button identified by ``locator``.</doc>
<arguments>
<arg>login_button</arg>
</arguments>
<msg timestamp="20180923 21:47:41.968" level="INFO">Clicking button 'login_button'.</msg>
<status status="PASS" starttime="20180923 21:47:41.968" endtime="20180923 21:47:42.208"></status>
</kw>
<status status="PASS" starttime="20180923 21:47:41.968" endtime="20180923 21:47:42.208"></status>
</kw>
<kw name="Login Should Have Failed">
<kw name="Location Should Be" library="Selenium2Library">
<doc>Verifies that current URL is exactly ``url`.</doc>
<arguments>
<arg>${ERROR URL}</arg>
</arguments>
<msg timestamp="20180923 21:47:42.236" level="INFO">Current location is 'http://localhost:7272/error.html'.</msg>
<status status="PASS" starttime="20180923 21:47:42.212" endtime="20180923 21:47:42.240"></status>
</kw>
<kw name="Title Should Be" library="Selenium2Library">
<doc>Verifies that current page title equals ``title``.</doc>
<arguments>
<arg>Error Page</arg>
</arguments>
<msg timestamp="20180923 21:47:42.260" level="INFO">Page title is 'Error Page'.</msg>
<status status="PASS" starttime="20180923 21:47:42.240" endtime="20180923 21:47:42.260"></status>
</kw>
<status status="PASS" starttime="20180923 21:47:42.208" endtime="20180923 21:47:42.264"></status>
</kw>
<status status="PASS" starttime="20180923 21:47:41.252" endtime="20180923 21:47:42.264"></status>
</kw>
<status status="PASS" starttime="20180923 21:47:41.125" endtime="20180923 21:47:42.264" critical="yes"></status>
</test>
<test id="s1-s1-s2-s2-t4" name="Empty Username">
<kw name="Go To Login Page" library="resource" type="setup">
<kw name="Go To" library="Selenium2Library">
<doc>Navigates the active browser instance to the provided ``url``.</doc>
<arguments>
<arg>${LOGIN URL}</arg>
</arguments>
<msg timestamp="20180923 21:47:42.273" level="INFO">Opening url 'http://localhost:7272/'</msg>
<status status="PASS" starttime="20180923 21:47:42.273" endtime="20180923 21:47:42.421"></status>
</kw>
<kw name="Login Page Should Be Open" library="resource">
<kw name="Title Should Be" library="Selenium2Library">
<doc>Verifies that current page title equals ``title``.</doc>
<arguments>
<arg>Login Page</arg>
</arguments>
<msg timestamp="20180923 21:47:42.453" level="INFO">Page title is 'Login Page'.</msg>
<status status="PASS" starttime="20180923 21:47:42.425" endtime="20180923 21:47:42.453"></status>
</kw>
<status status="PASS" starttime="20180923 21:47:42.421" endtime="20180923 21:47:42.453"></status>
</kw>
<status status="PASS" starttime="20180923 21:47:42.271" endtime="20180923 21:47:42.457"></status>
</kw>
<kw name="Login With Invalid Credentials Should Fail">
<arguments>
<arg>${EMPTY}</arg>
<arg>${VALID PASSWORD}</arg>
</arguments>
<kw name="Input Username" library="resource">
<arguments>
<arg>${username}</arg>
</arguments>
<kw name="Input Text" library="Selenium2Library">
<doc>Types the given ``text`` into text field identified by ``locator``.</doc>
<arguments>
<arg>username_field</arg>
<arg>${username}</arg>
</arguments>
<msg timestamp="20180923 21:47:42.465" level="INFO">Typing text '' into text field 'username_field'.</msg>
<status status="PASS" starttime="20180923 21:47:42.461" endtime="20180923 21:47:42.733"></status>
</kw>
<status status="PASS" starttime="20180923 21:47:42.457" endtime="20180923 21:47:42.733"></status>
</kw>
<kw name="Input Password" library="resource">
<arguments>
<arg>${password}</arg>
</arguments>
<kw name="Input Text" library="Selenium2Library">
<doc>Types the given ``text`` into text field identified by ``locator``.</doc>
<arguments>
<arg>password_field</arg>
<arg>${password}</arg>
</arguments>
<msg timestamp="20180923 21:47:42.737" level="INFO">Typing text 'mode' into text field 'password_field'.</msg>
<status status="PASS" starttime="20180923 21:47:42.737" endtime="20180923 21:47:43.033"></status>
</kw>
<status status="PASS" starttime="20180923 21:47:42.733" endtime="20180923 21:47:43.037"></status>
</kw>
<kw name="Submit Credentials" library="resource">
<kw name="Click Button" library="Selenium2Library">
<doc>Clicks button identified by ``locator``.</doc>
<arguments>
<arg>login_button</arg>
</arguments>
<msg timestamp="20180923 21:47:43.041" level="INFO">Clicking button 'login_button'.</msg>
<status status="PASS" starttime="20180923 21:47:43.037" endtime="20180923 21:47:43.357"></status>
</kw>
<status status="PASS" starttime="20180923 21:47:43.037" endtime="20180923 21:47:43.357"></status>
</kw>
<kw name="Login Should Have Failed">
<kw name="Location Should Be" library="Selenium2Library">
<doc>Verifies that current URL is exactly ``url`.</doc>
<arguments>
<arg>${ERROR URL}</arg>
</arguments>
<msg timestamp="20180923 21:47:43.405" level="INFO">Current location is 'http://localhost:7272/error.html'.</msg>
<status status="PASS" starttime="20180923 21:47:43.357" endtime="20180923 21:47:43.409"></status>
</kw>
<kw name="Title Should Be" library="Selenium2Library">
<doc>Verifies that current page title equals ``title``.</doc>
<arguments>
<arg>Error Page</arg>
</arguments>
<msg timestamp="20180923 21:47:43.449" level="INFO">Page title is 'Error Page'.</msg>
<status status="PASS" starttime="20180923 21:47:43.409" endtime="20180923 21:47:43.449"></status>
</kw>
<status status="PASS" starttime="20180923 21:47:43.357" endtime="20180923 21:47:43.453"></status>
</kw>
<status status="PASS" starttime="20180923 21:47:42.457" endtime="20180923 21:47:43.453"></status>
</kw>
<status status="PASS" starttime="20180923 21:47:42.269" endtime="20180923 21:47:43.453" critical="yes"></status>
</test>
<test id="s1-s1-s2-s2-t5" name="Empty Password">
<kw name="Go To Login Page" library="resource" type="setup">
<kw name="Go To" library="Selenium2Library">
<doc>Navigates the active browser instance to the provided ``url``.</doc>
<arguments>
<arg>${LOGIN URL}</arg>
</arguments>
<msg timestamp="20180923 21:47:43.461" level="INFO">Opening url 'http://localhost:7272/'</msg>
<status status="PASS" starttime="20180923 21:47:43.461" endtime="20180923 21:47:43.599"></status>
</kw>
<kw name="Login Page Should Be Open" library="resource">
<kw name="Title Should Be" library="Selenium2Library">
<doc>Verifies that current page title equals ``title``.</doc>
<arguments>
<arg>Login Page</arg>
</arguments>
<msg timestamp="20180923 21:47:43.619" level="INFO">Page title is 'Login Page'.</msg>
<status status="PASS" starttime="20180923 21:47:43.603" endtime="20180923 21:47:43.623"></status>
</kw>
<status status="PASS" starttime="20180923 21:47:43.603" endtime="20180923 21:47:43.623"></status>
</kw>
<status status="PASS" starttime="20180923 21:47:43.457" endtime="20180923 21:47:43.623"></status>
</kw>
<kw name="Login With Invalid Credentials Should Fail">
<arguments>
<arg>${VALID USER}</arg>
<arg>${EMPTY}</arg>
</arguments>
<kw name="Input Username" library="resource">
<arguments>
<arg>${username}</arg>
</arguments>
<kw name="Input Text" library="Selenium2Library">
<doc>Types the given ``text`` into text field identified by ``locator``.</doc>
<arguments>
<arg>username_field</arg>
<arg>${username}</arg>
</arguments>
<msg timestamp="20180923 21:47:43.631" level="INFO">Typing text 'demo' into text field 'username_field'.</msg>
<status status="PASS" starttime="20180923 21:47:43.627" endtime="20180923 21:47:43.907"></status>
</kw>
<status status="PASS" starttime="20180923 21:47:43.627" endtime="20180923 21:47:43.907"></status>
</kw>
<kw name="Input Password" library="resource">
<arguments>
<arg>${password}</arg>
</arguments>
<kw name="Input Text" library="Selenium2Library">
<doc>Types the given ``text`` into text field identified by ``locator``.</doc>
<arguments>
<arg>password_field</arg>
<arg>${password}</arg>
</arguments>
<msg timestamp="20180923 21:47:43.915" level="INFO">Typing text '' into text field 'password_field'.</msg>
<status status="PASS" starttime="20180923 21:47:43.911" endtime="20180923 21:47:44.115"></status>
</kw>
<status status="PASS" starttime="20180923 21:47:43.911" endtime="20180923 21:47:44.119"></status>
</kw>
<kw name="Submit Credentials" library="resource">
<kw name="Click Button" library="Selenium2Library">
<doc>Clicks button identified by ``locator``.</doc>
<arguments>
<arg>login_button</arg>
</arguments>
<msg timestamp="20180923 21:47:44.123" level="INFO">Clicking button 'login_button'.</msg>
<status status="PASS" starttime="20180923 21:47:44.119" endtime="20180923 21:47:44.375"></status>
</kw>
<status status="PASS" starttime="20180923 21:47:44.119" endtime="20180923 21:47:44.379"></status>
</kw>
<kw name="Login Should Have Failed">
<kw name="Location Should Be" library="Selenium2Library">
<doc>Verifies that current URL is exactly ``url`.</doc>
<arguments>
<arg>${ERROR URL}</arg>
</arguments>
<msg timestamp="20180923 21:47:44.399" level="INFO">Current location is 'http://localhost:7272/error.html'.</msg>
<status status="PASS" starttime="20180923 21:47:44.379" endtime="20180923 21:47:44.399"></status>
</kw>
<kw name="Title Should Be" library="Selenium2Library">
<doc>Verifies that current page title equals ``title``.</doc>
<arguments>
<arg>Error Page</arg>
</arguments>
<msg timestamp="20180923 21:47:44.415" level="INFO">Page title is 'Error Page'.</msg>
<status status="PASS" starttime="20180923 21:47:44.399" endtime="20180923 21:47:44.415"></status>
</kw>
<status status="PASS" starttime="20180923 21:47:44.379" endtime="20180923 21:47:44.419"></status>
</kw>
<status status="PASS" starttime="20180923 21:47:43.623" endtime="20180923 21:47:44.419"></status>
</kw>
<status status="PASS" starttime="20180923 21:47:43.457" endtime="20180923 21:47:44.419" critical="yes"></status>
</test>
<test id="s1-s1-s2-s2-t6" name="Empty Username And Password">
<kw name="Go To Login Page" library="resource" type="setup">
<kw name="Go To" library="Selenium2Library">
<doc>Navigates the active browser instance to the provided ``url``.</doc>
<arguments>
<arg>${LOGIN URL}</arg>
</arguments>
<msg timestamp="20180923 21:47:44.427" level="INFO">Opening url 'http://localhost:7272/'</msg>
<status status="PASS" starttime="20180923 21:47:44.427" endtime="20180923 21:47:44.503"></status>
</kw>
<kw name="Login Page Should Be Open" library="resource">
<kw name="Title Should Be" library="Selenium2Library">
<doc>Verifies that current page title equals ``title``.</doc>
<arguments>
<arg>Login Page</arg>
</arguments>
<msg timestamp="20180923 21:47:44.543" level="INFO">Page title is 'Login Page'.</msg>
<status status="PASS" starttime="20180923 21:47:44.507" endtime="20180923 21:47:44.543"></status>
</kw>
<status status="PASS" starttime="20180923 21:47:44.503" endtime="20180923 21:47:44.543"></status>
</kw>
<status status="PASS" starttime="20180923 21:47:44.423" endtime="20180923 21:47:44.547"></status>
</kw>
<kw name="Login With Invalid Credentials Should Fail">
<arguments>
<arg>${EMPTY}</arg>
<arg>${EMPTY}</arg>
</arguments>
<kw name="Input Username" library="resource">
<arguments>
<arg>${username}</arg>
</arguments>
<kw name="Input Text" library="Selenium2Library">
<doc>Types the given ``text`` into text field identified by ``locator``.</doc>
<arguments>
<arg>username_field</arg>
<arg>${username}</arg>
</arguments>
<msg timestamp="20180923 21:47:44.555" level="INFO">Typing text '' into text field 'username_field'.</msg>
<status status="PASS" starttime="20180923 21:47:44.551" endtime="20180923 21:47:44.783"></status>
</kw>
<status status="PASS" starttime="20180923 21:47:44.547" endtime="20180923 21:47:44.783"></status>
</kw>
<kw name="Input Password" library="resource">
<arguments>
<arg>${password}</arg>
</arguments>
<kw name="Input Text" library="Selenium2Library">
<doc>Types the given ``text`` into text field identified by ``locator``.</doc>
<arguments>
<arg>password_field</arg>
<arg>${password}</arg>
</arguments>
<msg timestamp="20180923 21:47:44.787" level="INFO">Typing text '' into text field 'password_field'.</msg>
<status status="PASS" starttime="20180923 21:47:44.787" endtime="20180923 21:47:44.967"></status>
</kw>
<status status="PASS" starttime="20180923 21:47:44.787" endtime="20180923 21:47:44.971"></status>
</kw>
<kw name="Submit Credentials" library="resource">
<kw name="Click Button" library="Selenium2Library">
<doc>Clicks button identified by ``locator``.</doc>
<arguments>
<arg>login_button</arg>
</arguments>
<msg timestamp="20180923 21:47:44.975" level="INFO">Clicking button 'login_button'.</msg>
<status status="PASS" starttime="20180923 21:47:44.971" endtime="20180923 21:47:45.259"></status>
</kw>
<status status="PASS" starttime="20180923 21:47:44.971" endtime="20180923 21:47:45.259"></status>
</kw>
<kw name="Login Should Have Failed">
<kw name="Location Should Be" library="Selenium2Library">
<doc>Verifies that current URL is exactly ``url`.</doc>
<arguments>
<arg>${ERROR URL}</arg>
</arguments>
<msg timestamp="20180923 21:47:45.291" level="INFO">Current location is 'http://localhost:7272/error.html'.</msg>
<status status="PASS" starttime="20180923 21:47:45.263" endtime="20180923 21:47:45.295"></status>
</kw>
<kw name="Title Should Be" library="Selenium2Library">
<doc>Verifies that current page title equals ``title``.</doc>
<arguments>
<arg>Error Page</arg>
</arguments>
<msg timestamp="20180923 21:47:45.307" level="INFO">Page title is 'Error Page'.</msg>
<status status="PASS" starttime="20180923 21:47:45.295" endtime="20180923 21:47:45.311"></status>
</kw>
<status status="PASS" starttime="20180923 21:47:45.259" endtime="20180923 21:47:45.311"></status>
</kw>
<status status="PASS" starttime="20180923 21:47:44.547" endtime="20180923 21:47:45.315"></status>
</kw>
<status status="PASS" starttime="20180923 21:47:44.423" endtime="20180923 21:47:45.315" critical="yes"></status>
</test>
<kw name="Close Browser" library="Selenium2Library" type="teardown">
<doc>Closes the current browser.</doc>
<status status="PASS" starttime="20180923 21:47:45.319" endtime="20180923 21:47:48.010"></status>
</kw>
<doc>A test suite containing tests related to invalid login.

These tests are data-driven by their nature. They use a single
keyword, specified with Test Template setting, that is called
with different arguments to cover different scenarios.

This suite also demonstrates using setups and teardowns in
different levels.</doc>
<status status="PASS" starttime="20180923 21:47:32.869" endtime="20180923 21:47:48.010"></status>
</suite>
<suite id="s1-s1-s2-s3" name="Valid Login" source="C:\Users\unimaos\RED_0.8.7\workspace\Robot_Demo_Project\login_tests\using_resources\valid_login.robot">
<test id="s1-s1-s2-s3-t1" name="Valid Login">
<kw name="Open Browser To Login Page" library="resource">
<kw name="Open Browser" library="Selenium2Library">
<doc>Opens a new browser instance to the given ``url``.</doc>
<arguments>
<arg>${LOGIN URL}</arg>
<arg>${BROWSER}</arg>
</arguments>
<msg timestamp="20180923 21:47:48.067" level="INFO">Opening browser 'Chrome' to base url 'http://localhost:7272/'.</msg>
<status status="PASS" starttime="20180923 21:47:48.063" endtime="20180923 21:47:53.603"></status>
</kw>
<kw name="Maximize Browser Window" library="Selenium2Library">
<doc>Maximizes current browser window.</doc>
<status status="PASS" starttime="20180923 21:47:53.603" endtime="20180923 21:47:54.839"></status>
</kw>
<kw name="Set Selenium Speed" library="Selenium2Library">
<doc>Sets the delay that is waited after each Selenium command.</doc>
<arguments>
<arg>${DELAY}</arg>
</arguments>
<status status="PASS" starttime="20180923 21:47:54.839" endtime="20180923 21:47:54.843"></status>
</kw>
<kw name="Login Page Should Be Open" library="resource">
<kw name="Title Should Be" library="Selenium2Library">
<doc>Verifies that current page title equals ``title``.</doc>
<arguments>
<arg>Login Page</arg>
</arguments>
<msg timestamp="20180923 21:47:54.883" level="INFO">Page title is 'Login Page'.</msg>
<status status="PASS" starttime="20180923 21:47:54.847" endtime="20180923 21:47:54.883"></status>
</kw>
<status status="PASS" starttime="20180923 21:47:54.843" endtime="20180923 21:47:54.883"></status>
</kw>
<status status="PASS" starttime="20180923 21:47:48.063" endtime="20180923 21:47:54.887"></status>
</kw>
<kw name="Input Username" library="resource">
<arguments>
<arg>demo</arg>
</arguments>
<kw name="Input Text" library="Selenium2Library">
<doc>Types the given ``text`` into text field identified by ``locator``.</doc>
<arguments>
<arg>username_field</arg>
<arg>${username}</arg>
</arguments>
<msg timestamp="20180923 21:47:54.891" level="INFO">Typing text 'demo' into text field 'username_field'.</msg>
<status status="PASS" starttime="20180923 21:47:54.887" endtime="20180923 21:47:55.283"></status>
</kw>
<status status="PASS" starttime="20180923 21:47:54.887" endtime="20180923 21:47:55.283"></status>
</kw>
<kw name="Input Password" library="resource">
<arguments>
<arg>mode</arg>
</arguments>
<kw name="Input Text" library="Selenium2Library">
<doc>Types the given ``text`` into text field identified by ``locator``.</doc>
<arguments>
<arg>password_field</arg>
<arg>${password}</arg>
</arguments>
<msg timestamp="20180923 21:47:55.287" level="INFO">Typing text 'mode' into text field 'password_field'.</msg>
<status status="PASS" starttime="20180923 21:47:55.287" endtime="20180923 21:47:55.671"></status>
</kw>
<status status="PASS" starttime="20180923 21:47:55.283" endtime="20180923 21:47:55.671"></status>
</kw>
<kw name="Submit Credentials" library="resource">
<kw name="Click Button" library="Selenium2Library">
<doc>Clicks button identified by ``locator``.</doc>
<arguments>
<arg>login_button</arg>
</arguments>
<msg timestamp="20180923 21:47:55.675" level="INFO">Clicking button 'login_button'.</msg>
<status status="PASS" starttime="20180923 21:47:55.675" endtime="20180923 21:47:56.187"></status>
</kw>
<status status="PASS" starttime="20180923 21:47:55.671" endtime="20180923 21:47:56.191"></status>
</kw>
<kw name="Welcome Page Should Be Open" library="resource">
<kw name="Location Should Be" library="Selenium2Library">
<doc>Verifies that current URL is exactly ``url`.</doc>
<arguments>
<arg>${WELCOME URL}</arg>
</arguments>
<msg timestamp="20180923 21:47:56.211" level="INFO">Current location is 'http://localhost:7272/welcome.html'.</msg>
<status status="PASS" starttime="20180923 21:47:56.195" endtime="20180923 21:47:56.211"></status>
</kw>
<kw name="Title Should Be" library="Selenium2Library">
<doc>Verifies that current page title equals ``title``.</doc>
<arguments>
<arg>Welcome Page</arg>
</arguments>
<msg timestamp="20180923 21:47:56.227" level="INFO">Page title is 'Welcome Page'.</msg>
<status status="PASS" starttime="20180923 21:47:56.211" endtime="20180923 21:47:56.227"></status>
</kw>
<status status="PASS" starttime="20180923 21:47:56.191" endtime="20180923 21:47:56.227"></status>
</kw>
<kw name="Close Browser" library="Selenium2Library" type="teardown">
<doc>Closes the current browser.</doc>
<status status="PASS" starttime="20180923 21:47:56.227" endtime="20180923 21:47:58.835"></status>
</kw>
<status status="PASS" starttime="20180923 21:47:48.059" endtime="20180923 21:47:58.835" critical="yes"></status>
</test>
<doc>A test suite with a single test for valid login.

This test has a workflow that is created using keywords in
the imported resource file.</doc>
<status status="PASS" starttime="20180923 21:47:48.027" endtime="20180923 21:47:58.838"></status>
</suite>
<status status="PASS" starttime="20180923 21:47:21.975" endtime="20180923 21:47:58.844"></status>
</suite>
<status status="PASS" starttime="20180923 21:47:09.980" endtime="20180923 21:47:58.868"></status>
</suite>
<status status="PASS" starttime="20180923 21:47:09.914" endtime="20180923 21:47:58.884"></status>
</suite>
<statistics>
<total>
<stat pass="9" fail="0">Critical Tests</stat>
<stat pass="9" fail="0">All Tests</stat>
</total>
<tag>
</tag>
<suite>
<stat pass="9" fail="0" id="s1" name="Robot Demo Project">Robot Demo Project</stat>
<stat pass="9" fail="0" id="s1-s1" name="Login Tests">Robot Demo Project.Login Tests</stat>
<stat pass="1" fail="0" id="s1-s1-s1" name="Not Using Resources">Robot Demo Project.Login Tests.Not Using Resources</stat>
<stat pass="1" fail="0" id="s1-s1-s1-s1" name="Valid Login">Robot Demo Project.Login Tests.Not Using Resources.Valid Login</stat>
<stat pass="8" fail="0" id="s1-s1-s2" name="Using Resources">Robot Demo Project.Login Tests.Using Resources</stat>
<stat pass="1" fail="0" id="s1-s1-s2-s1" name="Gherkin Login">Robot Demo Project.Login Tests.Using Resources.Gherkin Login</stat>
<stat pass="6" fail="0" id="s1-s1-s2-s2" name="Invalid Login">Robot Demo Project.Login Tests.Using Resources.Invalid Login</stat>
<stat pass="1" fail="0" id="s1-s1-s2-s3" name="Valid Login">Robot Demo Project.Login Tests.Using Resources.Valid Login</stat>
</suite>
</statistics>
<errors>
</errors>
</robot>
